  EngineCore.cpp
  Game.cpp
  Scene.cpp
C:\Users\vilif\source\repos\GameEngine\2D Engine\Source\Scene.cpp(65,20): warning C4018: '<': signed/unsigned mismatch
C:\Users\vilif\source\repos\GameEngine\2D Engine\Source\Scene.cpp(111,22): warning C4018: '<': signed/unsigned mismatch
C:\Users\vilif\source\repos\GameEngine\2D Engine\Source\Scene.cpp(113,27): warning C4018: '<': signed/unsigned mismatch
C:\Users\vilif\source\repos\GameEngine\2D Engine\Source\Scene.cpp(252,20): warning C4018: '<': signed/unsigned mismatch
  Sprite.cpp
C:\Users\vilif\source\repos\GameEngine\2D Engine\Source\Sprite.cpp(55,27): warning C4244: '=': conversion from 'double' to 'int', possible loss of data
C:\Users\vilif\source\repos\GameEngine\2D Engine\Source\Sprite.cpp(56,27): warning C4244: '=': conversion from 'double' to 'int', possible loss of data
C:\Users\vilif\source\repos\GameEngine\2D Engine\Source\Sprite.cpp(59,20): warning C4244: '=': conversion from 'double' to 'int', possible loss of data
C:\Users\vilif\source\repos\GameEngine\2D Engine\Source\Sprite.cpp(60,20): warning C4244: '=': conversion from 'double' to 'int', possible loss of data
C:\Users\vilif\source\repos\GameEngine\2D Engine\Source\Sprite.cpp(66,49): warning C4244: 'argument': conversion from 'double' to 'int', possible loss of data
C:\Users\vilif\source\repos\GameEngine\2D Engine\Source\Sprite.cpp(66,39): warning C4244: 'argument': conversion from 'double' to 'int', possible loss of data
C:\Users\vilif\source\repos\GameEngine\2D Engine\Source\Sprite.cpp(212,20): warning C4018: '<': signed/unsigned mismatch
C:\Users\vilif\source\repos\GameEngine\2D Engine\Source\Sprite.cpp(220,23): warning C4244: '=': conversion from 'double' to 'int', possible loss of data
C:\Users\vilif\source\repos\GameEngine\2D Engine\Source\Sprite.cpp(221,23): warning C4244: '=': conversion from 'double' to 'int', possible loss of data
C:\Users\vilif\source\repos\GameEngine\2D Engine\Source\Sprite.cpp(266,21): warning C4018: '<': signed/unsigned mismatch
C:\Users\vilif\source\repos\GameEngine\2D Engine\Source\Sprite.cpp(272,21): warning C4018: '<': signed/unsigned mismatch
  Laser.cpp
  Ship.cpp
C:\Users\vilif\source\repos\GameEngine\Games\SpaceGame\Source\Ship.cpp(56,9): warning C4101: 'MA': unreferenced local variable
C:\Users\vilif\source\repos\GameEngine\Games\SpaceGame\Source\Ship.cpp(55,9): warning C4101: 'IA': unreferenced local variable
C:\Users\vilif\source\repos\GameEngine\Games\SpaceGame\Source\Ship.cpp(140,12): warning C4018: '>=': signed/unsigned mismatch
C:\Users\vilif\source\repos\GameEngine\Games\SpaceGame\Source\Ship.cpp(150,26): warning C4244: '=': conversion from 'double' to 'int', possible loss of data
C:\Users\vilif\source\repos\GameEngine\Games\SpaceGame\Source\Ship.cpp(151,26): warning C4244: '=': conversion from 'double' to 'int', possible loss of data
  SpaceGame.cpp
C:\Users\vilif\source\repos\GameEngine\Games\SpaceGame\Source\SpaceGame.cpp(49,20): warning C4018: '<': signed/unsigned mismatch
  Generating Code...
  GameEngine.vcxproj -> C:\Users\vilif\source\repos\GameEngine\bin\Win32\Debug\GameEngine.exe
